<?xml version="1.0" encoding="UTF-8"?>
<testng-results skipped="0" failed="0" total="1" passed="1">
  <reporter-output>
  </reporter-output>
  <suite name="Custom suite" duration-ms="40963" started-at="2015-10-04T21:42:58Z" finished-at="2015-10-04T21:43:39Z">
    <groups>
    </groups>
    <test name="Idea_SF" duration-ms="40963" started-at="2015-10-04T21:42:58Z" finished-at="2015-10-04T21:43:39Z">
      <class name="IdeaSalesforce.LoginTest">
        <test-method status="PASS" signature="salesRep()[pri:0, instance:IdeaSalesforce.LoginTest@43a25848]" name="salesRep" duration-ms="40849" started-at="2015-10-04T22:42:58Z" finished-at="2015-10-04T22:43:39Z">
          <reporter-output>
          </reporter-output>
        </test-method> <!-- salesRep -->
      </class> <!-- IdeaSalesforce.LoginTest -->
    </test> <!-- Idea_SF -->
  </suite> <!-- Custom suite -->
</testng-results>
