<?xml version="1.0" encoding="UTF-8"?>
<testng-results skipped="0" failed="0" total="1" passed="1">
  <reporter-output>
  </reporter-output>
  <suite name="Custom suite" duration-ms="28229" started-at="2015-10-01T22:41:20Z" finished-at="2015-10-01T22:41:49Z">
    <groups>
    </groups>
    <test name="Idea_SF" duration-ms="28229" started-at="2015-10-01T22:41:20Z" finished-at="2015-10-01T22:41:49Z">
      <class name="IdeaSalesforce.LoginTest">
        <test-method status="PASS" signature="enterInvalidCredentials()[pri:0, instance:IdeaSalesforce.LoginTest@43a25848]" name="enterInvalidCredentials" duration-ms="28097" started-at="2015-10-01T23:41:21Z" finished-at="2015-10-01T23:41:49Z">
          <reporter-output>
          </reporter-output>
        </test-method> <!-- enterInvalidCredentials -->
      </class> <!-- IdeaSalesforce.LoginTest -->
    </test> <!-- Idea_SF -->
  </suite> <!-- Custom suite -->
</testng-results>
